# JRE version: Java(TM) SE Runtime Environment (8.0_144-b01) (build 1.8.0_144-b01)
# Java VM: Java HotSpot(TM) 64-Bit Server VM (25.144-b01 mixed mode windows-amd64 compressed oops)
Heap:
 PSYoungGen      total 93696K, used 45208K [0x000000076b600000, 0x0000000771d80000, 0x00000007c0000000)
  eden space 82944K, 54% used [0x000000076b600000,0x000000076e2261c8,0x0000000770700000)
  from space 10752K, 0% used [0x0000000771180000,0x0000000771180000,0x0000000771c00000)
  to   space 10752K, 0% used [0x0000000770700000,0x0000000770700000,0x0000000771180000)
 ParOldGen       total 439296K, used 193799K [0x00000006c2200000, 0x00000006dcf00000, 0x000000076b600000)
  object space 439296K, 44% used [0x00000006c2200000,0x00000006cdf41d08,0x00000006dcf00000)
 Metaspace       used 22308K, capacity 23492K, committed 23680K, reserved 1069056K
  class space    used 3121K, capacity 3387K, committed 3456K, reserved 1048576K
GC Heap History (10 events):
Event: 7.171 GC heap before
{Heap before GC invocations=3 (full 1):
 PSYoungGen      total 75776K, used 47781K [0x000000076b600000, 0x0000000770a80000, 0x00000007c0000000)
  eden space 65024K, 73% used [0x000000076b600000,0x000000076e4a9768,0x000000076f580000)
  from space 10752K, 0% used [0x000000076f580000,0x000000076f580000,0x0000000770000000)
  to   space 10752K, 0% used [0x0000000770000000,0x0000000770000000,0x0000000770a80000)
 ParOldGen       total 121344K, used 50960K [0x00000006c2200000, 0x00000006c9880000, 0x000000076b600000)
  object space 121344K, 41% used [0x00000006c2200000,0x00000006c53c4390,0x00000006c9880000)
 Metaspace       used 20921K, capacity 21810K, committed 22144K, reserved 1069056K
  class space    used 2876K, capacity 3106K, committed 3200K, reserved 1048576K
Event: 7.190 GC heap after
Heap after GC invocations=3 (full 1):
 PSYoungGen      total 75776K, used 4710K [0x000000076b600000, 0x0000000774000000, 0x00000007c0000000)
  eden space 65024K, 0% used [0x000000076b600000,0x000000076b600000,0x000000076f580000)
  from space 10752K, 43% used [0x0000000770000000,0x0000000770499b68,0x0000000770a80000)
  to   space 10752K, 0% used [0x000000076f580000,0x000000076f580000,0x0000000770000000)
 ParOldGen       total 121344K, used 87703K [0x00000006c2200000, 0x00000006c9880000, 0x000000076b600000)
  object space 121344K, 72% used [0x00000006c2200000,0x00000006c77a5ef0,0x00000006c9880000)
 Metaspace       used 20921K, capacity 21810K, committed 22144K, reserved 1069056K
  class space    used 2876K, capacity 3106K, committed 3200K, reserved 1048576K
}
Event: 7.190 GC heap before
{Heap before GC invocations=4 (full 2):
 PSYoungGen      total 75776K, used 4710K [0x000000076b600000, 0x0000000774000000, 0x00000007c0000000)
  eden space 65024K, 0% used [0x000000076b600000,0x000000076b600000,0x000000076f580000)
  from space 10752K, 43% used [0x0000000770000000,0x0000000770499b68,0x0000000770a80000)
  to   space 10752K, 0% used [0x000000076f580000,0x000000076f580000,0x0000000770000000)
 ParOldGen       total 121344K, used 87703K [0x00000006c2200000, 0x00000006c9880000, 0x000000076b600000)
  object space 121344K, 72% used [0x00000006c2200000,0x00000006c77a5ef0,0x00000006c9880000)
 Metaspace       used 20921K, capacity 21810K, committed 22144K, reserved 1069056K
  class space    used 2876K, capacity 3106K, committed 3200K, reserved 1048576K
Event: 7.257 GC heap after
Heap after GC invocations=4 (full 2):
 PSYoungGen      total 75776K, used 0K [0x000000076b600000, 0x0000000774000000, 0x00000007c0000000)
  eden space 65024K, 0% used [0x000000076b600000,0x000000076b600000,0x000000076f580000)
  from space 10752K, 0% used [0x0000000770000000,0x0000000770000000,0x0000000770a80000)
  to   space 10752K, 0% used [0x000000076f580000,0x000000076f580000,0x0000000770000000)
 ParOldGen       total 257536K, used 90767K [0x00000006c2200000, 0x00000006d1d80000, 0x000000076b600000)
  object space 257536K, 35% used [0x00000006c2200000,0x00000006c7aa3f70,0x00000006d1d80000)
 Metaspace       used 20921K, capacity 21810K, committed 22144K, reserved 1069056K
  class space    used 2876K, capacity 3106K, committed 3200K, reserved 1048576K
}
Event: 7.696 GC heap before
{Heap before GC invocations=5 (full 2):
 PSYoungGen      total 75776K, used 46389K [0x000000076b600000, 0x0000000774000000, 0x00000007c0000000)
  eden space 65024K, 71% used [0x000000076b600000,0x000000076e34d7a0,0x000000076f580000)
  from space 10752K, 0% used [0x0000000770000000,0x0000000770000000,0x0000000770a80000)
  to   space 10752K, 0% used [0x000000076f580000,0x000000076f580000,0x0000000770000000)
 ParOldGen       total 257536K, used 90767K [0x00000006c2200000, 0x00000006d1d80000, 0x000000076b600000)
  object space 257536K, 35% used [0x00000006c2200000,0x00000006c7aa3f70,0x00000006d1d80000)
 Metaspace       used 20944K, capacity 21822K, committed 22144K, reserved 1069056K
  class space    used 2878K, capacity 3108K, committed 3200K, reserved 1048576K
Event: 7.713 GC heap after
Heap after GC invocations=5 (full 2):
 PSYoungGen      total 75776K, used 9131K [0x000000076b600000, 0x0000000771c00000, 0x00000007c0000000)
  eden space 65024K, 0% used [0x000000076b600000,0x000000076b600000,0x000000076f580000)
  from space 10752K, 84% used [0x000000076f580000,0x000000076fe6acf0,0x0000000770000000)
  to   space 10752K, 0% used [0x0000000771180000,0x0000000771180000,0x0000000771c00000)
 ParOldGen       total 257536K, used 127502K [0x00000006c2200000, 0x00000006d1d80000, 0x000000076b600000)
  object space 257536K, 49% used [0x00000006c2200000,0x00000006c9e83ad0,0x00000006d1d80000)
 Metaspace       used 20944K, capacity 21822K, committed 22144K, reserved 1069056K
  class space    used 2878K, capacity 3108K, committed 3200K, reserved 1048576K
}
Event: 8.193 GC heap before
{Heap before GC invocations=6 (full 2):
 PSYoungGen      total 75776K, used 74155K [0x000000076b600000, 0x0000000771c00000, 0x00000007c0000000)
  eden space 65024K, 100% used [0x000000076b600000,0x000000076f580000,0x000000076f580000)
  from space 10752K, 84% used [0x000000076f580000,0x000000076fe6acf0,0x0000000770000000)
  to   space 10752K, 0% used [0x0000000771180000,0x0000000771180000,0x0000000771c00000)
 ParOldGen       total 257536K, used 127502K [0x00000006c2200000, 0x00000006d1d80000, 0x000000076b600000)
  object space 257536K, 49% used [0x00000006c2200000,0x00000006c9e83ad0,0x00000006d1d80000)
 Metaspace       used 21954K, capacity 22984K, committed 23040K, reserved 1069056K
  class space    used 3058K, capacity 3303K, committed 3328K, reserved 1048576K
Event: 8.212 GC heap after
Heap after GC invocations=6 (full 2):
 PSYoungGen      total 93696K, used 10057K [0x000000076b600000, 0x0000000771d80000, 0x00000007c0000000)
  eden space 82944K, 0% used [0x000000076b600000,0x000000076b600000,0x0000000770700000)
  from space 10752K, 93% used [0x0000000771180000,0x0000000771b52550,0x0000000771c00000)
  to   space 10752K, 0% used [0x0000000770700000,0x0000000770700000,0x0000000771180000)
 ParOldGen       total 257536K, used 186458K [0x00000006c2200000, 0x00000006d1d80000, 0x000000076b600000)
  object space 257536K, 72% used [0x00000006c2200000,0x00000006cd8168d8,0x00000006d1d80000)
 Metaspace       used 21954K, capacity 22984K, committed 23040K, reserved 1069056K
  class space    used 3058K, capacity 3303K, committed 3328K, reserved 1048576K
}
Event: 8.212 GC heap before
{Heap before GC invocations=7 (full 3):
 PSYoungGen      total 93696K, used 10057K [0x000000076b600000, 0x0000000771d80000, 0x00000007c0000000)
  eden space 82944K, 0% used [0x000000076b600000,0x000000076b600000,0x0000000770700000)
  from space 10752K, 93% used [0x0000000771180000,0x0000000771b52550,0x0000000771c00000)
  to   space 10752K, 0% used [0x0000000770700000,0x0000000770700000,0x0000000771180000)
 ParOldGen       total 257536K, used 186458K [0x00000006c2200000, 0x00000006d1d80000, 0x000000076b600000)
  object space 257536K, 72% used [0x00000006c2200000,0x00000006cd8168d8,0x00000006d1d80000)
 Metaspace       used 21954K, capacity 22984K, committed 23040K, reserved 1069056K
  class space    used 3058K, capacity 3303K, committed 3328K, reserved 1048576K
Event: 8.291 GC heap after
Heap after GC invocations=7 (full 3):
 PSYoungGen      total 93696K, used 0K [0x000000076b600000, 0x0000000771d80000, 0x00000007c0000000)
  eden space 82944K, 0% used [0x000000076b600000,0x000000076b600000,0x0000000770700000)
  from space 10752K, 0% used [0x0000000771180000,0x0000000771180000,0x0000000771c00000)
  to   space 10752K, 0% used [0x0000000770700000,0x0000000770700000,0x0000000771180000)
 ParOldGen       total 439296K, used 193799K [0x00000006c2200000, 0x00000006dcf00000, 0x000000076b600000)
  object space 439296K, 44% used [0x00000006c2200000,0x00000006cdf41d08,0x00000006dcf00000)
 Metaspace       used 21954K, capacity 22984K, committed 23040K, reserved 1069056K
  class space    used 3058K, capacity 3303K, committed 3328K, reserved 1048576K
}

